[11:45:28] INFO: Scanning Python dependencies...
[11:45:28] WARNING: Safety scan failed
[11:45:28] ERROR: Safety scan crashed
[11:46:08] INFO: Scanning Python dependencies...
[11:46:08] WARNING: Safety scan failed
[11:46:08] ERROR: Safety scan crashed
[12:23:58] INFO: Scanning Python dependencies...
[12:23:58] WARNING: Safety scan failed
[12:23:58] ERROR: Safety scan crashed
[12:34:40] INFO: Scanning Python dependencies...
[12:34:40] WARNING: Safety scan failed
[12:34:40] ERROR: Safety scan crashed
[12:36:17] INFO: Scanning Python dependencies...
[12:36:17] WARNING: Safety scan failed
[12:36:17] ERROR: Safety scan crashed
[12:47:37] INFO: Scanning Python dependencies...
[12:47:37] WARNING: Safety scan failed for ./sample_code/dvpwa\requirements.txt
[12:47:37] ERROR: Error during scan: Expecting value: line 1 column 1 (char 0)
[14:25:24] INFO: Scanning Python dependencies...
[14:25:24] WARNING: Safety scan failed for ./sample_code/dvpwa\requirements.txt
[14:25:24] ERROR: Error during scan: Expecting value: line 1 column 1 (char 0)
[14:26:00] INFO: Scanning Python dependencies...
[14:26:00] WARNING: Safety scan failed for ./sample_code/dvpwa\requirements.txt
[14:26:00] ERROR: Error during scan: Expecting value: line 1 column 1 (char 0)
[14:27:34] INFO: Scanning Python dependencies...
[14:27:34] WARNING: Safety scan failed for ./sample_code/dvpwa\requirements.txt
[14:27:34] ERROR: Error during scan: Expecting value: line 1 column 1 (char 0)
[10:50:25] INFO: Scanning Python dependencies...
[10:50:25] WARNING: Safety scan failed for ./sample_code/dvpwa\requirements.txt
[10:50:25] ERROR: Error during scan: Expecting value: line 1 column 1 (char 0)
[19:28:10] INFO: Scanning Python dependencies...
[19:28:10] WARNING: Safety scan failed for ./sample_code/dvpwa\requirements.txt
[19:28:10] ERROR: Error during scan: Expecting value: line 1 column 1 (char 0)
[19:29:57] INFO: Scanning Python dependencies...
[19:29:57] WARNING: Safety scan failed for ./sample_code/dvpwa\requirements.txt
[19:29:57] ERROR: Error during scan: Expecting value: line 1 column 1 (char 0)
[19:31:52] INFO: Scanning Python dependencies...
[19:31:52] WARNING: Safety scan failed for ./sample_code/dvpwa\requirements.txt
[19:31:52] ERROR: Error during scan: Expecting value: line 1 column 1 (char 0)
[10:30:53] INFO: Scanning Python dependencies...
[10:30:53] WARNING: Safety scan failed for ./sample_code/dvpwa\requirements.txt
[10:30:53] ERROR: Error during scan: Expecting value: line 1 column 1 (char 0)
[18:12:08] WARNING: Safety scan failed for ./sample_code/dvpwa\requirements.txt
[18:12:08] ERROR: Error during scan: 'NoneType' object has no attribute 'get'
[18:20:51] WARNING: Safety scan failed for ./sample_code/dvpwa\requirements.txt
[18:20:51] ERROR: Error during scan: 'NoneType' object has no attribute 'get'
[18:39:05] WARNING: Safety scan failed for C:\Users\A181244\OneDrive - ATOS\Santosh\Personal\Training\Python\Secure-Release\Sample_code\dvpwa\requirements.txt
[18:39:05] ERROR: Error during scan: Command failed with exit code 1
[18:40:11] WARNING: Safety scan failed for C:\Users\A181244\OneDrive - ATOS\Santosh\Personal\Training\Python\Secure-Release\Sample_code\dvpwa\requirements.txt
[18:40:11] ERROR: Error during scan: Command failed with exit code 64
[18:49:45] WARNING: Safety scan failed for C:\Users\A181244\OneDrive - ATOS\Santosh\Personal\Training\Python\Secure-Release\Sample_code\dvpwa\requirements.txt
[18:49:45] ERROR: Error during scan: Command failed with exit code 64
[18:54:12] WARNING: Safety scan failed for C:\Users\A181244\OneDrive - ATOS\Santosh\Personal\Training\Python\Secure-Release\Sample_code\dvpwa\requirements.txt
[18:54:12] ERROR: Error during scan: Command failed with exit code 64
[19:03:47] INFO: [>] Scanning Python dependencies with Safety...
[19:04:03] INFO: Running safety scan for C:\Users\A181244\OneDrive - ATOS\Santosh\Personal\Training\Python\Secure-Release\Sample_code\dvpwa\requirements.txt
[19:04:03] INFO: Executing command: safety scan --output json --file=C:\Users\A181244\OneDrive - ATOS\Santosh\Personal\Training\Python\Secure-Release\Sample_code\dvpwa\requirements.txt
[19:05:11] ERROR: Error running subprocess: Command 'safety scan --output json --file=C:\Users\A181244\OneDrive - ATOS\Santosh\Personal\Training\Python\Secure-Release\Sample_code\dvpwa\requirements.txt' failed with code 64: 
[19:05:11] ERROR: Safety scan failed for C:\Users\A181244\OneDrive - ATOS\Santosh\Personal\Training\Python\Secure-Release\Sample_code\dvpwa\requirements.txt: Command 'safety scan --output json --file=C:\Users\A181244\OneDrive - ATOS\Santosh\Personal\Training\Python\Secure-Release\Sample_code\dvpwa\requirements.txt' failed with code 64: 
[19:05:36] INFO: [>] Scanning Python dependencies with Safety...
[19:05:40] INFO: Running safety scan for C:\Users\A181244\OneDrive - ATOS\Santosh\Personal\Training\Python\Secure-Release\Sample_code\dvpwa\requirements.txt
[19:05:40] INFO: Executing command: safety scan --output json --file=C:\Users\A181244\OneDrive - ATOS\Santosh\Personal\Training\Python\Secure-Release\Sample_code\dvpwa\requirements.txt
[19:06:14] INFO: Safety scan completed for C:\Users\A181244\OneDrive - ATOS\Santosh\Personal\Training\Python\Secure-Release\Sample_code\dvpwa\requirements.txt
[19:09:13] INFO: [>] Scanning Python dependencies with Safety...
[19:12:08] INFO: Running safety scan for C:\Users\A181244\OneDrive - ATOS\Santosh\Personal\Training\Python\Secure-Release\Sample_code\dvpwa\requirements.txt
[19:12:08] INFO: Executing command: safety scan --output json --file=C:\Users\A181244\OneDrive - ATOS\Santosh\Personal\Training\Python\Secure-Release\Sample_code\dvpwa\requirements.txt
[19:21:46] INFO: [>] Scanning Python dependencies with Safety...
[19:22:11] INFO: Running safety scan for C:\Users\A181244\OneDrive - ATOS\Santosh\Personal\Training\Python\Secure-Release\Sample_code\dvpwa\requirements.txt
[19:22:15] INFO: Executing command: safety scan --output json --file=C:\Users\A181244\OneDrive - ATOS\Santosh\Personal\Training\Python\Secure-Release\Sample_code\dvpwa\requirements.txt in C:\Users\A181244\OneDrive - ATOS\Santosh\Personal\Training\Python\Secure-Release\Sample_code\dvpwa
[19:23:00] INFO: Safety scan completed for C:\Users\A181244\OneDrive - ATOS\Santosh\Personal\Training\Python\Secure-Release\Sample_code\dvpwa\requirements.txt
[19:25:30] INFO: [>] Scanning Python dependencies with Safety...
[19:25:37] INFO: Running safety scan for C:\Users\A181244\OneDrive - ATOS\Santosh\Personal\Training\Python\Secure-Release\Sample_code\dvpwa\requirements.txt
[19:25:37] INFO: Executing command: safety scan --output json --file=C:\Users\A181244\OneDrive - ATOS\Santosh\Personal\Training\Python\Secure-Release\Sample_code\dvpwa\requirements.txt in C:\Users\A181244\OneDrive - ATOS\Santosh\Personal\Training\Python\Secure-Release\Sample_code\dvpwa
[19:32:23] INFO: Safety scan completed for C:\Users\A181244\OneDrive - ATOS\Santosh\Personal\Training\Python\Secure-Release\Sample_code\dvpwa\requirements.txt
[19:45:59] INFO: [>] Scanning Python dependencies with Safety...
[19:45:59] INFO: Running safety scan for C:\Users\A181244\OneDrive - ATOS\Santosh\Personal\Training\Python\Secure-Release\Sample_code\dvpwa\requirements.txt
[19:45:59] INFO: Executing command: safety scan --output json --file=C:\Users\A181244\OneDrive - ATOS\Santosh\Personal\Training\Python\Secure-Release\Sample_code\dvpwa\requirements.txt in C:\Users\A181244\OneDrive - ATOS\Santosh\Personal\Training\Python\Secure-Release\Sample_code\dvpwa
[19:53:07] INFO: Safety scan completed for C:\Users\A181244\OneDrive - ATOS\Santosh\Personal\Training\Python\Secure-Release\Sample_code\dvpwa\requirements.txt
[19:53:31] INFO: [>] Scanning Python dependencies with Safety...
[19:53:31] INFO: Running safety scan for C:\Users\A181244\OneDrive - ATOS\Santosh\Personal\Training\Python\Secure-Release\Sample_code\dvpwa\requirements.txt
[19:53:31] INFO: Executing command: safety scan --output json --file=C:\Users\A181244\OneDrive - ATOS\Santosh\Personal\Training\Python\Secure-Release\Sample_code\dvpwa\requirements.txt in C:\Users\A181244\OneDrive - ATOS\Santosh\Personal\Training\Python\Secure-Release\Sample_code\dvpwa
[19:54:01] ERROR: Safety scan failed for C:\Users\A181244\OneDrive - ATOS\Santosh\Personal\Training\Python\Secure-Release\Sample_code\dvpwa\requirements.txt: 'NoneType' object has no attribute 'get'
[19:54:47] INFO: [>] Scanning Python dependencies with Safety...
[19:54:47] INFO: Running safety scan for C:\Users\A181244\OneDrive - ATOS\Santosh\Personal\Training\Python\Secure-Release\Sample_code\dvpwa\requirements.txt
[19:54:47] INFO: Executing command: safety scan --output json --file=C:\Users\A181244\OneDrive - ATOS\Santosh\Personal\Training\Python\Secure-Release\Sample_code\dvpwa\requirements.txt in C:\Users\A181244\OneDrive - ATOS\Santosh\Personal\Training\Python\Secure-Release\Sample_code\dvpwa
[19:55:23] ERROR: Safety scan failed for C:\Users\A181244\OneDrive - ATOS\Santosh\Personal\Training\Python\Secure-Release\Sample_code\dvpwa\requirements.txt: 'NoneType' object has no attribute 'get'
[19:57:05] INFO: [>] Scanning Python dependencies with Safety...
[19:57:05] INFO: Running safety scan for C:\Users\A181244\OneDrive - ATOS\Santosh\Personal\Training\Python\Secure-Release\Sample_code\dvpwa\requirements.txt
[19:57:05] INFO: Executing command: safety scan --output json --file=C:\Users\A181244\OneDrive - ATOS\Santosh\Personal\Training\Python\Secure-Release\Sample_code\dvpwa\requirements.txt in C:\Users\A181244\OneDrive - ATOS\Santosh\Personal\Training\Python\Secure-Release\Sample_code\dvpwa
[19:57:28] ERROR: Safety scan failed for C:\Users\A181244\OneDrive - ATOS\Santosh\Personal\Training\Python\Secure-Release\Sample_code\dvpwa\requirements.txt: 'NoneType' object has no attribute 'get'
[19:58:30] INFO: [>] Scanning Python dependencies with Safety...
[19:58:30] INFO: Running safety scan for C:\Users\A181244\OneDrive - ATOS\Santosh\Personal\Training\Python\Secure-Release\Sample_code\dvpwa\requirements.txt
[19:58:30] INFO: Executing command: safety scan --output json --file=C:\Users\A181244\OneDrive - ATOS\Santosh\Personal\Training\Python\Secure-Release\Sample_code\dvpwa\requirements.txt in C:\Users\A181244\OneDrive - ATOS\Santosh\Personal\Training\Python\Secure-Release\Sample_code\dvpwa
[19:59:04] ERROR: Safety scan failed for C:\Users\A181244\OneDrive - ATOS\Santosh\Personal\Training\Python\Secure-Release\Sample_code\dvpwa\requirements.txt: 'NoneType' object has no attribute 'get'
[12:27:56] INFO: [>] Scanning Python dependencies with Safety...
[12:27:56] INFO: Running safety scan for C:\Users\A181244\OneDrive - ATOS\Santosh\Personal\Training\Python\Secure-Release\Sample_code\dvpwa\requirements.txt
[12:27:56] INFO: Executing command: safety scan --output json --file=C:\Users\A181244\OneDrive - ATOS\Santosh\Personal\Training\Python\Secure-Release\Sample_code\dvpwa\requirements.txt in C:\Users\A181244\OneDrive - ATOS\Santosh\Personal\Training\Python\Secure-Release\Sample_code\dvpwa
[12:28:30] ERROR: Safety scan failed for C:\Users\A181244\OneDrive - ATOS\Santosh\Personal\Training\Python\Secure-Release\Sample_code\dvpwa\requirements.txt: 'NoneType' object has no attribute 'get'
[12:37:03] INFO: [>] Scanning Python dependencies with Safety...
[12:37:03] INFO: Running safety scan for C:\Users\A181244\OneDrive - ATOS\Santosh\Personal\Training\Python\Secure-Release\Sample_code\dvpwa\requirements.txt
[12:37:03] INFO: Executing command: safety scan --output json --file=C:\Users\A181244\OneDrive - ATOS\Santosh\Personal\Training\Python\Secure-Release\Sample_code\dvpwa\requirements.txt in C:\Users\A181244\OneDrive - ATOS\Santosh\Personal\Training\Python\Secure-Release\Sample_code\dvpwa
[12:46:58] ERROR: Safety scan failed for C:\Users\A181244\OneDrive - ATOS\Santosh\Personal\Training\Python\Secure-Release\Sample_code\dvpwa\requirements.txt: 'NoneType' object has no attribute 'get'
[12:50:11] INFO: [>] Scanning Python dependencies with Safety...
[12:50:11] INFO: Running safety scan for C:\Users\A181244\OneDrive - ATOS\Santosh\Personal\Training\Python\Secure-Release\Sample_code\dvpwa\requirements.txt
[12:50:11] INFO: Executing command: safety scan --output json --file=C:\Users\A181244\OneDrive - ATOS\Santosh\Personal\Training\Python\Secure-Release\Sample_code\dvpwa\requirements.txt in C:\Users\A181244\OneDrive - ATOS\Santosh\Personal\Training\Python\Secure-Release\Sample_code\dvpwa
[12:54:56] INFO: [>] Scanning Python dependencies with Safety...
[12:54:56] INFO: Running safety scan for C:\Users\A181244\OneDrive - ATOS\Santosh\Personal\Training\Python\Secure-Release\Sample_code\dvpwa\requirements.txt
[12:54:56] INFO: Executing command: safety scan --output json --file=C:\Users\A181244\OneDrive - ATOS\Santosh\Personal\Training\Python\Secure-Release\Sample_code\dvpwa\requirements.txt in C:\Users\A181244\OneDrive - ATOS\Santosh\Personal\Training\Python\Secure-Release\Sample_code\dvpwa
[12:56:01] INFO: Safety scan completed for C:\Users\A181244\OneDrive - ATOS\Santosh\Personal\Training\Python\Secure-Release\Sample_code\dvpwa\requirements.txt
[12:59:33] INFO: [>] Scanning Python dependencies with Safety...
[12:59:33] INFO: Running safety scan for C:\Users\A181244\OneDrive - ATOS\Santosh\Personal\Training\Python\Secure-Release\Sample_code\dvpwa\requirements.txt
[12:59:33] INFO: Executing command: safety scan --output json --file=C:\Users\A181244\OneDrive - ATOS\Santosh\Personal\Training\Python\Secure-Release\Sample_code\dvpwa\requirements.txt in C:\Users\A181244\OneDrive - ATOS\Santosh\Personal\Training\Python\Secure-Release\Sample_code\dvpwa
[12:59:59] INFO: Safety scan completed for C:\Users\A181244\OneDrive - ATOS\Santosh\Personal\Training\Python\Secure-Release\Sample_code\dvpwa\requirements.txt
[13:00:59] INFO: [>] Scanning Python dependencies with Safety...
[13:00:59] INFO: Running safety scan for C:\Users\A181244\OneDrive - ATOS\Santosh\Personal\Training\Python\Secure-Release\Sample_code\dvpwa\requirements.txt
[13:00:59] INFO: Executing command: safety scan --output json --file=C:\Users\A181244\OneDrive - ATOS\Santosh\Personal\Training\Python\Secure-Release\Sample_code\dvpwa\requirements.txt in C:\Users\A181244\OneDrive - ATOS\Santosh\Personal\Training\Python\Secure-Release\Sample_code\dvpwa
[13:08:02] INFO: Safety scan completed for C:\Users\A181244\OneDrive - ATOS\Santosh\Personal\Training\Python\Secure-Release\Sample_code\dvpwa\requirements.txt
[13:08:23] INFO: [>] Scanning Python dependencies with Safety...
[13:08:23] INFO: Running safety scan for C:\Users\A181244\OneDrive - ATOS\Santosh\Personal\Training\Python\Secure-Release\Sample_code\dvpwa\requirements.txt
[13:08:23] INFO: Executing command: safety scan --output json --file=C:\Users\A181244\OneDrive - ATOS\Santosh\Personal\Training\Python\Secure-Release\Sample_code\dvpwa\requirements.txt in C:\Users\A181244\OneDrive - ATOS\Santosh\Personal\Training\Python\Secure-Release\Sample_code\dvpwa
[13:09:02] INFO: Safety scan completed for C:\Users\A181244\OneDrive - ATOS\Santosh\Personal\Training\Python\Secure-Release\Sample_code\dvpwa\requirements.txt
[13:16:48] INFO: [>] Scanning Python dependencies with Safety...
[13:16:48] INFO: Running safety scan for C:\Users\A181244\OneDrive - ATOS\Santosh\Personal\Training\Python\Secure-Release\Sample_code\dvpwa\requirements.txt
[13:16:48] INFO: Executing command: safety scan --output json --file=C:\Users\A181244\OneDrive - ATOS\Santosh\Personal\Training\Python\Secure-Release\Sample_code\dvpwa\requirements.txt in C:\Users\A181244\OneDrive - ATOS\Santosh\Personal\Training\Python\Secure-Release\Sample_code\dvpwa
[13:17:21] INFO: Safety scan completed for C:\Users\A181244\OneDrive - ATOS\Santosh\Personal\Training\Python\Secure-Release\Sample_code\dvpwa\requirements.txt
[13:22:50] INFO: [>] Scanning Python dependencies with Safety...
[13:22:50] INFO: Running safety scan for C:\Users\A181244\OneDrive - ATOS\Santosh\Personal\Training\Python\Secure-Release\Sample_code\dvpwa\requirements.txt
[13:22:50] INFO: Executing command: safety scan --output json --file=C:\Users\A181244\OneDrive - ATOS\Santosh\Personal\Training\Python\Secure-Release\Sample_code\dvpwa\requirements.txt in C:\Users\A181244\OneDrive - ATOS\Santosh\Personal\Training\Python\Secure-Release\Sample_code\dvpwa
[13:23:24] INFO: Safety scan completed for C:\Users\A181244\OneDrive - ATOS\Santosh\Personal\Training\Python\Secure-Release\Sample_code\dvpwa\requirements.txt
[13:29:17] INFO: [>] Scanning Python dependencies with Safety...
[13:29:29] INFO: Running safety scan for C:\Users\A181244\OneDrive - ATOS\Santosh\Personal\Training\Python\Secure-Release\Sample_code\dvpwa\requirements.txt
[13:29:29] INFO: Executing command: safety scan --output json --file=C:\Users\A181244\OneDrive - ATOS\Santosh\Personal\Training\Python\Secure-Release\Sample_code\dvpwa\requirements.txt in C:\Users\A181244\OneDrive - ATOS\Santosh\Personal\Training\Python\Secure-Release\Sample_code\dvpwa
[13:29:56] INFO: Safety scan completed for C:\Users\A181244\OneDrive - ATOS\Santosh\Personal\Training\Python\Secure-Release\Sample_code\dvpwa\requirements.txt
[13:31:56] INFO: [>] Scanning Python dependencies with Safety...
[13:31:56] INFO: Running safety scan for C:\Users\A181244\OneDrive - ATOS\Santosh\Personal\Training\Python\Secure-Release\Sample_code\dvpwa\requirements.txt
[13:31:56] INFO: Executing command: safety scan --output json --file=C:\Users\A181244\OneDrive - ATOS\Santosh\Personal\Training\Python\Secure-Release\Sample_code\dvpwa\requirements.txt in C:\Users\A181244\OneDrive - ATOS\Santosh\Personal\Training\Python\Secure-Release\Sample_code\dvpwa
[13:40:53] INFO: Safety scan completed for C:\Users\A181244\OneDrive - ATOS\Santosh\Personal\Training\Python\Secure-Release\Sample_code\dvpwa\requirements.txt
[14:25:12] INFO: [>] Scanning Python dependencies with Safety...
[14:25:12] INFO: Running safety scan for C:\Users\A181244\OneDrive - ATOS\Santosh\Personal\Training\Python\Secure-Release\Sample_code\dvpwa\requirements.txt
[14:25:12] INFO: Executing command: safety scan --output json --file=C:\Users\A181244\OneDrive - ATOS\Santosh\Personal\Training\Python\Secure-Release\Sample_code\dvpwa\requirements.txt in C:\Users\A181244\OneDrive - ATOS\Santosh\Personal\Training\Python\Secure-Release\Sample_code\dvpwa
[14:25:41] INFO: Safety scan completed for C:\Users\A181244\OneDrive - ATOS\Santosh\Personal\Training\Python\Secure-Release\Sample_code\dvpwa\requirements.txt
[14:33:47] INFO: [>] Scanning Python dependencies with Safety...
[14:33:47] INFO: Running safety scan for C:\Users\A181244\OneDrive - ATOS\Santosh\Personal\Training\Python\Secure-Release\Sample_code\dvpwa\requirements.txt
[14:33:47] INFO: Executing command: safety scan --output json --file=C:\Users\A181244\OneDrive - ATOS\Santosh\Personal\Training\Python\Secure-Release\Sample_code\dvpwa\requirements.txt in C:\Users\A181244\OneDrive - ATOS\Santosh\Personal\Training\Python\Secure-Release\Sample_code\dvpwa
[14:34:17] INFO: Safety scan completed for C:\Users\A181244\OneDrive - ATOS\Santosh\Personal\Training\Python\Secure-Release\Sample_code\dvpwa\requirements.txt
[14:39:29] INFO: [>] Scanning Python dependencies with Safety...
[14:39:29] INFO: Running safety scan for C:\Users\A181244\OneDrive - ATOS\Santosh\Personal\Training\Python\Secure-Release\Sample_code\dvpwa\requirements.txt
[14:39:29] INFO: Executing command: safety scan --output json --file=C:\Users\A181244\OneDrive - ATOS\Santosh\Personal\Training\Python\Secure-Release\Sample_code\dvpwa\requirements.txt in C:\Users\A181244\OneDrive - ATOS\Santosh\Personal\Training\Python\Secure-Release\Sample_code\dvpwa
[14:39:55] INFO: Safety scan completed for C:\Users\A181244\OneDrive - ATOS\Santosh\Personal\Training\Python\Secure-Release\Sample_code\dvpwa\requirements.txt
[14:45:14] INFO: [>] Scanning Python dependencies with Safety...
[14:45:14] INFO: Running safety scan for C:\Users\A181244\OneDrive - ATOS\Santosh\Personal\Training\Python\Secure-Release\Sample_code\dvpwa\requirements.txt
[14:45:14] INFO: Executing command: safety scan --output json --file=C:\Users\A181244\OneDrive - ATOS\Santosh\Personal\Training\Python\Secure-Release\Sample_code\dvpwa\requirements.txt in C:\Users\A181244\OneDrive - ATOS\Santosh\Personal\Training\Python\Secure-Release\Sample_code\dvpwa
[14:45:40] INFO: Safety scan completed for C:\Users\A181244\OneDrive - ATOS\Santosh\Personal\Training\Python\Secure-Release\Sample_code\dvpwa\requirements.txt
[14:52:18] INFO: [>] Scanning Python dependencies with Safety...
[14:52:18] INFO: Running safety scan for C:\Users\A181244\OneDrive - ATOS\Santosh\Personal\Training\Python\Secure-Release\Sample_code\dvpwa\requirements.txt
[14:52:18] INFO: Executing command: safety scan --output json --file=C:\Users\A181244\OneDrive - ATOS\Santosh\Personal\Training\Python\Secure-Release\Sample_code\dvpwa\requirements.txt in C:\Users\A181244\OneDrive - ATOS\Santosh\Personal\Training\Python\Secure-Release\Sample_code\dvpwa
[14:52:43] INFO: Safety scan completed for C:\Users\A181244\OneDrive - ATOS\Santosh\Personal\Training\Python\Secure-Release\Sample_code\dvpwa\requirements.txt
[14:55:25] INFO: [>] Scanning Python dependencies with Safety...
[14:55:25] INFO: Running safety scan for C:\Users\A181244\OneDrive - ATOS\Santosh\Personal\Training\Python\Secure-Release\Sample_code\dvpwa\requirements.txt
[14:55:25] INFO: Executing command: safety scan --output json --file=C:\Users\A181244\OneDrive - ATOS\Santosh\Personal\Training\Python\Secure-Release\Sample_code\dvpwa\requirements.txt in C:\Users\A181244\OneDrive - ATOS\Santosh\Personal\Training\Python\Secure-Release\Sample_code\dvpwa
[14:55:52] INFO: Safety scan completed for C:\Users\A181244\OneDrive - ATOS\Santosh\Personal\Training\Python\Secure-Release\Sample_code\dvpwa\requirements.txt
[14:59:47] INFO: [>] Scanning Python dependencies with Safety...
[14:59:47] INFO: Running safety scan for C:\Users\A181244\OneDrive - ATOS\Santosh\Personal\Training\Python\Secure-Release\Sample_code\dvpwa\requirements.txt
[14:59:47] INFO: Executing command: safety scan --output json --file=C:\Users\A181244\OneDrive - ATOS\Santosh\Personal\Training\Python\Secure-Release\Sample_code\dvpwa\requirements.txt in C:\Users\A181244\OneDrive - ATOS\Santosh\Personal\Training\Python\Secure-Release\Sample_code\dvpwa
[15:00:15] INFO: Safety scan completed for C:\Users\A181244\OneDrive - ATOS\Santosh\Personal\Training\Python\Secure-Release\Sample_code\dvpwa\requirements.txt
[15:00:35] INFO: [>] Scanning Python dependencies with Safety...
[15:00:35] INFO: Running safety scan for C:\Users\A181244\OneDrive - ATOS\Santosh\Personal\Training\Python\Secure-Release\Sample_code\dvpwa\requirements.txt
[15:00:35] INFO: Executing command: safety scan --output json --file=C:\Users\A181244\OneDrive - ATOS\Santosh\Personal\Training\Python\Secure-Release\Sample_code\dvpwa\requirements.txt in C:\Users\A181244\OneDrive - ATOS\Santosh\Personal\Training\Python\Secure-Release\Sample_code\dvpwa
[15:00:55] INFO: Safety scan completed for C:\Users\A181244\OneDrive - ATOS\Santosh\Personal\Training\Python\Secure-Release\Sample_code\dvpwa\requirements.txt
[16:23:59] INFO: [>] Scanning Python dependencies with Safety...
[16:23:59] INFO: Running safety scan for C:\Users\A181244\OneDrive - ATOS\Santosh\Personal\Training\Python\Secure-Release\Sample_code\dvpwa\requirements.txt
[16:23:59] INFO: Executing command: safety scan --output json --file=C:\Users\A181244\OneDrive - ATOS\Santosh\Personal\Training\Python\Secure-Release\Sample_code\dvpwa\requirements.txt in C:\Users\A181244\OneDrive - ATOS\Santosh\Personal\Training\Python\Secure-Release\Sample_code\dvpwa
[16:24:31] INFO: Safety scan completed for C:\Users\A181244\OneDrive - ATOS\Santosh\Personal\Training\Python\Secure-Release\Sample_code\dvpwa\requirements.txt
[16:26:39] INFO: [>] Scanning Python dependencies with Safety...
[16:26:39] INFO: Running safety scan for C:\Users\A181244\OneDrive - ATOS\Santosh\Personal\Training\Python\Secure-Release\Sample_code\dvpwa\requirements.txt
[16:26:39] INFO: Executing command: safety scan --output json --file=C:\Users\A181244\OneDrive - ATOS\Santosh\Personal\Training\Python\Secure-Release\Sample_code\dvpwa\requirements.txt in C:\Users\A181244\OneDrive - ATOS\Santosh\Personal\Training\Python\Secure-Release\Sample_code\dvpwa
[16:27:05] INFO: Safety scan completed for C:\Users\A181244\OneDrive - ATOS\Santosh\Personal\Training\Python\Secure-Release\Sample_code\dvpwa\requirements.txt
[16:28:07] INFO: [>] Scanning Python dependencies with Safety...
[16:28:07] INFO: Running safety scan for C:\Users\A181244\OneDrive - ATOS\Santosh\Personal\Training\Python\Secure-Release\Sample_code\dvpwa\requirements.txt
[16:28:07] INFO: Executing command: safety scan --output json --file=C:\Users\A181244\OneDrive - ATOS\Santosh\Personal\Training\Python\Secure-Release\Sample_code\dvpwa\requirements.txt in C:\Users\A181244\OneDrive - ATOS\Santosh\Personal\Training\Python\Secure-Release\Sample_code\dvpwa
[16:28:34] INFO: Safety scan completed for C:\Users\A181244\OneDrive - ATOS\Santosh\Personal\Training\Python\Secure-Release\Sample_code\dvpwa\requirements.txt
[17:45:38] INFO: [>] Scanning Python dependencies with Safety...
[17:45:38] INFO: Running safety scan for C:\Users\A181244\OneDrive - ATOS\Santosh\Personal\Training\Python\Secure-Release\Sample_code\dvpwa\requirements.txt
[17:45:38] INFO: Executing command: safety scan --output json --file=C:\Users\A181244\OneDrive - ATOS\Santosh\Personal\Training\Python\Secure-Release\Sample_code\dvpwa\requirements.txt in C:\Users\A181244\OneDrive - ATOS\Santosh\Personal\Training\Python\Secure-Release\Sample_code\dvpwa
[17:46:11] INFO: Safety scan completed for C:\Users\A181244\OneDrive - ATOS\Santosh\Personal\Training\Python\Secure-Release\Sample_code\dvpwa\requirements.txt
[09:48:49] INFO: [>] Scanning Python dependencies with Safety...
[09:48:49] INFO: Running safety scan for C:\Users\A181244\OneDrive - ATOS\Santosh\Personal\Training\Python\Secure-Release\Sample_code\dvpwa\requirements.txt
[09:48:49] INFO: Executing command: safety scan --output json --file=C:\Users\A181244\OneDrive - ATOS\Santosh\Personal\Training\Python\Secure-Release\Sample_code\dvpwa\requirements.txt in C:\Users\A181244\OneDrive - ATOS\Santosh\Personal\Training\Python\Secure-Release\Sample_code\dvpwa
[10:21:26] ERROR: Error running subprocess: Command 'safety scan --output json --file=C:\Users\A181244\OneDrive - ATOS\Santosh\Personal\Training\Python\Secure-Release\Sample_code\dvpwa\requirements.txt' timed out after 60 seconds
[10:21:26] ERROR: Safety scan failed for C:\Users\A181244\OneDrive - ATOS\Santosh\Personal\Training\Python\Secure-Release\Sample_code\dvpwa\requirements.txt: Command 'safety scan --output json --file=C:\Users\A181244\OneDrive - ATOS\Santosh\Personal\Training\Python\Secure-Release\Sample_code\dvpwa\requirements.txt' timed out after 60 seconds
[10:21:56] INFO: [>] Scanning Python dependencies with Safety...
[10:21:56] INFO: Running safety scan for C:\Users\A181244\OneDrive - ATOS\Santosh\Personal\Training\Python\Secure-Release\Sample_code\dvpwa\requirements.txt
[10:21:56] INFO: Executing command: safety scan --output json --file=C:\Users\A181244\OneDrive - ATOS\Santosh\Personal\Training\Python\Secure-Release\Sample_code\dvpwa\requirements.txt in C:\Users\A181244\OneDrive - ATOS\Santosh\Personal\Training\Python\Secure-Release\Sample_code\dvpwa
[13:13:44] ERROR: Error running subprocess: Command 'safety scan --output json --file=C:\Users\A181244\OneDrive - ATOS\Santosh\Personal\Training\Python\Secure-Release\Sample_code\dvpwa\requirements.txt' timed out after 60 seconds
[13:13:44] ERROR: Safety scan failed for C:\Users\A181244\OneDrive - ATOS\Santosh\Personal\Training\Python\Secure-Release\Sample_code\dvpwa\requirements.txt: Command 'safety scan --output json --file=C:\Users\A181244\OneDrive - ATOS\Santosh\Personal\Training\Python\Secure-Release\Sample_code\dvpwa\requirements.txt' timed out after 60 seconds
[12:10:50] INFO: [>] Scanning Python dependencies with Safety...
[12:10:50] INFO: Running safety scan for C:\Users\A181244\OneDrive - ATOS\Santosh\Personal\Training\Python\Secure-Release\Sample_code\dvpwa\requirements.txt
[12:10:50] INFO: Executing command: safety scan --output json --file=C:\Users\A181244\OneDrive - ATOS\Santosh\Personal\Training\Python\Secure-Release\Sample_code\dvpwa\requirements.txt in C:\Users\A181244\OneDrive - ATOS\Santosh\Personal\Training\Python\Secure-Release\Sample_code\dvpwa
[12:11:53] ERROR: Error running subprocess: Command 'safety scan --output json --file=C:\Users\A181244\OneDrive - ATOS\Santosh\Personal\Training\Python\Secure-Release\Sample_code\dvpwa\requirements.txt' timed out after 60 seconds
[12:11:53] ERROR: Safety scan failed for C:\Users\A181244\OneDrive - ATOS\Santosh\Personal\Training\Python\Secure-Release\Sample_code\dvpwa\requirements.txt: Command 'safety scan --output json --file=C:\Users\A181244\OneDrive - ATOS\Santosh\Personal\Training\Python\Secure-Release\Sample_code\dvpwa\requirements.txt' timed out after 60 seconds
[15:05:56] INFO: [>] Scanning Python dependencies with Safety...
[15:05:56] INFO: Running safety scan for C:\Users\A181244\OneDrive - ATOS\Santosh\Personal\Training\Python\Secure-Release\Sample_code\dvpwa\requirements.txt
[15:05:56] INFO: Executing command: safety scan --output json --file=C:\Users\A181244\OneDrive - ATOS\Santosh\Personal\Training\Python\Secure-Release\Sample_code\dvpwa\requirements.txt in C:\Users\A181244\OneDrive - ATOS\Santosh\Personal\Training\Python\Secure-Release\Sample_code\dvpwa
[15:06:39] INFO: Safety scan completed for C:\Users\A181244\OneDrive - ATOS\Santosh\Personal\Training\Python\Secure-Release\Sample_code\dvpwa\requirements.txt
[17:55:11] INFO: [>] Scanning Python dependencies with Safety...
[17:55:11] INFO: Running safety scan for C:\Users\A181244\OneDrive - ATOS\Santosh\Personal\Training\Python\Secure-Release\Sample_code\dvpwa\requirements.txt
[17:55:11] INFO: Executing command: safety scan --output json --file=C:\Users\A181244\OneDrive - ATOS\Santosh\Personal\Training\Python\Secure-Release\Sample_code\dvpwa\requirements.txt in C:\Users\A181244\OneDrive - ATOS\Santosh\Personal\Training\Python\Secure-Release\Sample_code\dvpwa
[17:55:49] INFO: Safety scan completed for C:\Users\A181244\OneDrive - ATOS\Santosh\Personal\Training\Python\Secure-Release\Sample_code\dvpwa\requirements.txt
[18:00:01] INFO: [>] Scanning Python dependencies with Safety...
[18:00:01] INFO: Running safety scan for C:\Users\A181244\OneDrive - ATOS\Santosh\Personal\Training\Python\Secure-Release\Sample_code\dvpwa\requirements.txt
[18:00:01] INFO: Executing command: safety scan --output json --file=C:\Users\A181244\OneDrive - ATOS\Santosh\Personal\Training\Python\Secure-Release\Sample_code\dvpwa\requirements.txt in C:\Users\A181244\OneDrive - ATOS\Santosh\Personal\Training\Python\Secure-Release\Sample_code\dvpwa
[18:00:38] INFO: Safety scan completed for C:\Users\A181244\OneDrive - ATOS\Santosh\Personal\Training\Python\Secure-Release\Sample_code\dvpwa\requirements.txt
[18:56:19] INFO: [>] Scanning Python dependencies with Safety...
[18:56:19] INFO: Running safety scan for C:\Users\A181244\OneDrive - ATOS\Santosh\Personal\Training\Python\Secure-Release\Sample_code\dvpwa\requirements.txt
[18:56:19] INFO: Executing command: safety scan --output json --file=C:\Users\A181244\OneDrive - ATOS\Santosh\Personal\Training\Python\Secure-Release\Sample_code\dvpwa\requirements.txt in C:\Users\A181244\OneDrive - ATOS\Santosh\Personal\Training\Python\Secure-Release\Sample_code\dvpwa
[18:56:53] INFO: Safety scan completed for C:\Users\A181244\OneDrive - ATOS\Santosh\Personal\Training\Python\Secure-Release\Sample_code\dvpwa\requirements.txt
[13:17:04] ERROR: Error running subprocess: Command 'safety scan --output json --file=C:\Users\A181244\OneDrive - ATOS\Santosh\Personal\Training\Python\Secure-Release\Sample_code\dvpwa\requirements.txt' timed out after 60 seconds
[13:17:04] ERROR: Safety scan failed for C:\Users\A181244\OneDrive - ATOS\Santosh\Personal\Training\Python\Secure-Release\Sample_code\dvpwa\requirements.txt: Command 'safety scan --output json --file=C:\Users\A181244\OneDrive - ATOS\Santosh\Personal\Training\Python\Secure-Release\Sample_code\dvpwa\requirements.txt' timed out after 60 seconds
[13:50:23] ERROR: Error running subprocess: Command 'safety scan --output json --file=C:\Users\A181244\OneDrive - ATOS\Santosh\Personal\Training\Python\Secure-Release\Sample_code\dvpwa\requirements.txt' timed out after 60 seconds
[13:50:23] ERROR: Safety scan failed for C:\Users\A181244\OneDrive - ATOS\Santosh\Personal\Training\Python\Secure-Release\Sample_code\dvpwa\requirements.txt: Command 'safety scan --output json --file=C:\Users\A181244\OneDrive - ATOS\Santosh\Personal\Training\Python\Secure-Release\Sample_code\dvpwa\requirements.txt' timed out after 60 seconds
[19:28:49] ERROR: Invalid JSON from safety for C:\Users\A181244\OneDrive - ATOS\Santosh\Personal\Training\Python\Secure-Release\Sample_code\dvpwa\requirements.txt
[12:39:18] ERROR: Error running subprocess: Command 'safety scan --output json --file=C:\Users\A181244\OneDrive - ATOS\Santosh\Personal\Training\Python\Secure-Release\Sample_code\dvpwa\requirements.txt' timed out after 60 seconds
[12:39:18] ERROR: Safety scan failed for C:\Users\A181244\OneDrive - ATOS\Santosh\Personal\Training\Python\Secure-Release\Sample_code\dvpwa\requirements.txt: Command 'safety scan --output json --file=C:\Users\A181244\OneDrive - ATOS\Santosh\Personal\Training\Python\Secure-Release\Sample_code\dvpwa\requirements.txt' timed out after 60 seconds
[21:37:11] ERROR: Invalid JSON from safety for C:\Users\A181244\OneDrive - ATOS\Santosh\Personal\Training\Python\Secure-Release\Sample_code\dvpwa\requirements.txt
[21:45:07] ERROR: Invalid JSON from safety for C:\Users\A181244\OneDrive - ATOS\Santosh\Personal\Training\Python\Secure-Release\Sample_code\dvpwa\requirements.txt
[21:58:45] ERROR: Invalid JSON from safety for C:\Users\A181244\OneDrive - ATOS\Santosh\Personal\Training\Python\Secure-Release\Sample_code\dvpwa\requirements.txt
[22:00:46] ERROR: Invalid JSON from safety for C:\Users\A181244\OneDrive - ATOS\Santosh\Personal\Training\Python\Secure-Release\Sample_code\dvpwa\requirements.txt
[10:37:21] ERROR: Error running subprocess: Command 'safety scan --output json --file=C:\Users\A181244\OneDrive - ATOS\Santosh\Personal\Training\Python\Secure-Release\Sample_code\dvpwa\requirements.txt' timed out after 60 seconds
[10:37:21] ERROR: Safety scan failed for C:\Users\A181244\OneDrive - ATOS\Santosh\Personal\Training\Python\Secure-Release\Sample_code\dvpwa\requirements.txt: Command 'safety scan --output json --file=C:\Users\A181244\OneDrive - ATOS\Santosh\Personal\Training\Python\Secure-Release\Sample_code\dvpwa\requirements.txt' timed out after 60 seconds
[10:38:13] ERROR: Invalid JSON from safety for C:\Users\A181244\OneDrive - ATOS\Santosh\Personal\Training\Python\Secure-Release\Sample_code\dvpwa\requirements.txt
[10:43:23] ERROR: Error running subprocess: Command 'safety scan --output json --file=C:\Users\A181244\OneDrive - ATOS\Santosh\Personal\Training\Python\Secure-Release\Sample_code\dvpwa\requirements.txt' timed out after 60 seconds
[10:43:23] ERROR: Safety scan failed for C:\Users\A181244\OneDrive - ATOS\Santosh\Personal\Training\Python\Secure-Release\Sample_code\dvpwa\requirements.txt: Command 'safety scan --output json --file=C:\Users\A181244\OneDrive - ATOS\Santosh\Personal\Training\Python\Secure-Release\Sample_code\dvpwa\requirements.txt' timed out after 60 seconds
[11:02:34] ERROR: Invalid JSON from safety for C:\Users\A181244\OneDrive - ATOS\Santosh\Personal\Training\Python\Secure-Release\Sample_code\dvpwa\requirements.txt
[11:14:45] ERROR: Error running subprocess: Command 'safety scan --output json --file=C:\Users\A181244\OneDrive - ATOS\Santosh\Personal\Training\Python\Secure-Release\Sample_code\dvpwa\requirements.txt' timed out after 60 seconds
[11:14:45] ERROR: Safety scan failed for C:\Users\A181244\OneDrive - ATOS\Santosh\Personal\Training\Python\Secure-Release\Sample_code\dvpwa\requirements.txt: Command 'safety scan --output json --file=C:\Users\A181244\OneDrive - ATOS\Santosh\Personal\Training\Python\Secure-Release\Sample_code\dvpwa\requirements.txt' timed out after 60 seconds
[11:25:10] ERROR: Error running subprocess: Command 'safety scan --output json --file=C:\Users\A181244\OneDrive - ATOS\Santosh\Personal\Training\Python\Secure-Release\Sample_code\dvpwa\requirements.txt' timed out after 60 seconds
[11:25:10] ERROR: Safety scan failed for C:\Users\A181244\OneDrive - ATOS\Santosh\Personal\Training\Python\Secure-Release\Sample_code\dvpwa\requirements.txt: Command 'safety scan --output json --file=C:\Users\A181244\OneDrive - ATOS\Santosh\Personal\Training\Python\Secure-Release\Sample_code\dvpwa\requirements.txt' timed out after 60 seconds
[16:58:40] ERROR: Invalid JSON from safety for C:\Users\A181244\OneDrive - ATOS\Santosh\Personal\Training\Python\Secure-Release\Sample_code\dvpwa\requirements.txt
[17:03:17] ERROR: Error running subprocess: Command 'safety scan --output json --file=C:\Users\A181244\OneDrive - ATOS\Santosh\Personal\Training\Python\Secure-Release\Sample_code\dvpwa\requirements.txt' timed out after 60 seconds
[17:03:17] ERROR: Safety scan failed for C:\Users\A181244\OneDrive - ATOS\Santosh\Personal\Training\Python\Secure-Release\Sample_code\dvpwa\requirements.txt: Command 'safety scan --output json --file=C:\Users\A181244\OneDrive - ATOS\Santosh\Personal\Training\Python\Secure-Release\Sample_code\dvpwa\requirements.txt' timed out after 60 seconds
[15:55:28] ERROR: Error running subprocess: 
[15:55:28] ERROR: Safety scan failed for C:\Users\A181244\OneDrive - ATOS\Santosh\Personal\Training\Python\Secure-Release\Sample_code\dvpwa\requirements.txt: 
[16:01:08] ERROR: Error running subprocess: 
[16:01:08] ERROR: Safety scan failed for C:\Users\A181244\OneDrive - ATOS\Santosh\Personal\Training\Python\Secure-Release\Sample_code\dvpwa\requirements.txt: 
[16:05:14] ERROR: Error running subprocess: 
[16:05:14] ERROR: Safety scan failed for C:\Users\A181244\OneDrive - ATOS\Santosh\Personal\Training\Python\Secure-Release\Sample_code\dvpwa\requirements.txt: 
[16:07:14] ERROR: Error running subprocess: 
[16:07:14] ERROR: Safety scan failed for C:\Users\A181244\OneDrive - ATOS\Santosh\Personal\Training\Python\Secure-Release\Sample_code\dvpwa\requirements.txt: 
[16:14:06] ERROR: Error running subprocess: 
[16:14:06] ERROR: Safety scan failed for C:\Users\A181244\OneDrive - ATOS\Santosh\Personal\Training\Python\Secure-Release\Sample_code\dvpwa\requirements.txt: 
[16:20:18] ERROR: Error running subprocess: 
[16:20:19] ERROR: Safety scan failed for C:\Users\A181244\OneDrive - ATOS\Santosh\Personal\Training\Python\Secure-Release\Sample_code\dvpwa\requirements.txt: 
[16:23:07] ERROR: Error running subprocess: 
[16:23:07] ERROR: Safety scan failed for C:\Users\A181244\OneDrive - ATOS\Santosh\Personal\Training\Python\Secure-Release\Sample_code\dvpwa\requirements.txt: 
